This file contains any messages produced by compilers while
running configure, to aid debugging if configure makes a mistake.

It was created by KLEE configure 0.01, which was
generated by GNU Autoconf 2.68.  Invocation command line was

  $ ./configure --with-llvm=/home/shiyu/Documents/Workspace/KLEE/llvm-2.9 --with-stp=/home/shiyu/Documents/Workspace/KLEE/stp_install --with-uclibc=/home/shiyu/Documents/Workspace/KLEE/klee-uclibc-0.02-x64 --enable-posix-runtime

## --------- ##
## Platform. ##
## --------- ##

hostname = svvat-ubuntu
uname -m = x86_64
uname -r = 3.8.0-30-generic
uname -s = Linux
uname -v = #44~precise1-Ubuntu SMP Fri Aug 23 18:32:41 UTC 2013

/usr/bin/uname -p = unknown
/bin/uname -X     = unknown

/bin/arch              = unknown
/usr/bin/arch -k       = unknown
/usr/convex/getsysinfo = unknown
/usr/bin/hostinfo      = unknown
/bin/machine           = unknown
/usr/bin/oslevel       = unknown
/bin/universe          = unknown

PATH: /usr/local/sbin
PATH: /usr/local/bin
PATH: /usr/sbin
PATH: /usr/bin
PATH: /sbin
PATH: /bin
PATH: /usr/games
PATH: /home/shiyu/Documents/Workspace/KLEE/llvm-2.9/Release+Asserts/bin
PATH: /home/shiyu/Documents/Workspace/KLEE/klee/Release+Asserts/bin
PATH: /home/shiyu/Documents/Workspace/KLEE/llvm-gcc4.2-2.9-x86_64-linux/bin
PATH: /home/shiyu/Documents/Workspace/klee-cde-package/bin


## ----------- ##
## Core tests. ##
## ----------- ##

configure:2323: checking build system type
configure:2337: result: x86_64-unknown-linux-gnu
configure:2357: checking host system type
configure:2370: result: x86_64-unknown-linux-gnu
configure:2390: checking target system type
configure:2403: result: x86_64-unknown-linux-gnu
configure:2430: checking type of operating system we're going to host on
configure:2442: result: 
configure:2453: checking llvm source dir
configure:2494: result: /home/shiyu/Documents/Workspace/KLEE/llvm-2.9
configure:2497: checking llvm obj dir
configure:2499: result: /home/shiyu/Documents/Workspace/KLEE/llvm-2.9
configure:2507: checking llvm package version
configure:2510: result: 2.9
configure:2515: checking llvm version major
configure:2518: result: 2
configure:2521: checking llvm version minor
configure:2524: result: 9
configure:2527: checking llvm is release version
configure:2535: result: 1
configure:2577: checking llvm build mode
configure:2596: result: Release+Asserts
configure:2614: checking uclibc
configure:2623: result: /home/shiyu/Documents/Workspace/KLEE/klee-uclibc-0.02-x64
configure:2654: checking POSIX runtime
configure:2673: result: yes
configure:2702: checking runtime configuration
configure:2714: result: Release+Asserts
configure:2817: checking for gcc
configure:2833: found /usr/bin/gcc
configure:2844: result: gcc
configure:3073: checking for C compiler version
configure:3082: gcc --version >&5
gcc (Ubuntu/Linaro 4.6.3-1ubuntu5) 4.6.3
Copyright (C) 2011 Free Software Foundation, Inc.
This is free software; see the source for copying conditions.  There is NO
warranty; not even for MERCHANTABILITY or FITNESS FOR A PARTICULAR PURPOSE.

configure:3093: $? = 0
configure:3082: gcc -v >&5
Using built-in specs.
COLLECT_GCC=gcc
COLLECT_LTO_WRAPPER=/usr/lib/gcc/x86_64-linux-gnu/4.6/lto-wrapper
Target: x86_64-linux-gnu
Configured with: ../src/configure -v --with-pkgversion='Ubuntu/Linaro 4.6.3-1ubuntu5' --with-bugurl=file:///usr/share/doc/gcc-4.6/README.Bugs --enable-languages=c,c++,fortran,objc,obj-c++ --prefix=/usr --program-suffix=-4.6 --enable-shared --enable-linker-build-id --with-system-zlib --libexecdir=/usr/lib --without-included-gettext --enable-threads=posix --with-gxx-include-dir=/usr/include/c++/4.6 --libdir=/usr/lib --enable-nls --with-sysroot=/ --enable-clocale=gnu --enable-libstdcxx-debug --enable-libstdcxx-time=yes --enable-gnu-unique-object --enable-plugin --enable-objc-gc --disable-werror --with-arch-32=i686 --with-tune=generic --enable-checking=release --build=x86_64-linux-gnu --host=x86_64-linux-gnu --target=x86_64-linux-gnu
Thread model: posix
gcc version 4.6.3 (Ubuntu/Linaro 4.6.3-1ubuntu5) 
configure:3093: $? = 0
configure:3082: gcc -V >&5
gcc: error: unrecognized option '-V'
gcc: fatal error: no input files
compilation terminated.
configure:3093: $? = 4
configure:3082: gcc -qversion >&5
gcc: error: unrecognized option '-qversion'
gcc: fatal error: no input files
compilation terminated.
configure:3093: $? = 4
configure:3113: checking whether the C compiler works
configure:3135: gcc    conftest.c  >&5
configure:3139: $? = 0
configure:3187: result: yes
configure:3190: checking for C compiler default output file name
configure:3192: result: a.out
configure:3198: checking for suffix of executables
configure:3205: gcc -o conftest    conftest.c  >&5
configure:3209: $? = 0
configure:3231: result: 
configure:3253: checking whether we are cross compiling
configure:3261: gcc -o conftest    conftest.c  >&5
configure:3265: $? = 0
configure:3272: ./conftest
configure:3276: $? = 0
configure:3291: result: no
configure:3296: checking for suffix of object files
configure:3318: gcc -c   conftest.c >&5
configure:3322: $? = 0
configure:3343: result: o
configure:3347: checking whether we are using the GNU C compiler
configure:3366: gcc -c   conftest.c >&5
configure:3366: $? = 0
configure:3375: result: yes
configure:3384: checking whether gcc accepts -g
configure:3404: gcc -c -g  conftest.c >&5
configure:3404: $? = 0
configure:3445: result: yes
configure:3462: checking for gcc option to accept ISO C89
configure:3526: gcc  -c -g -O2  conftest.c >&5
configure:3526: $? = 0
configure:3539: result: none needed
configure:3565: checking how to run the C preprocessor
configure:3596: gcc -E  conftest.c
configure:3596: $? = 0
configure:3610: gcc -E  conftest.c
conftest.c:15:28: fatal error: ac_nonexistent.h: No such file or directory
compilation terminated.
configure:3610: $? = 1
configure: failed program was:
| /* confdefs.h */
| #define PACKAGE_NAME "KLEE"
| #define PACKAGE_TARNAME "-klee-"
| #define PACKAGE_VERSION "0.01"
| #define PACKAGE_STRING "KLEE 0.01"
| #define PACKAGE_BUGREPORT "daniel@minormatter.com"
| #define PACKAGE_URL ""
| #define LLVM_VERSION_MAJOR 2
| #define LLVM_VERSION_MINOR 9
| #define LLVM_IS_RELEASE 1
| #define KLEE_UCLIBC "/home/shiyu/Documents/Workspace/KLEE/klee-uclibc-0.02-x64"
| #define RUNTIME_CONFIGURATION "Release+Asserts"
| #define HAVE_CTYPE_EXTERNALS 1
| /* end confdefs.h.  */
| #include <ac_nonexistent.h>
configure:3635: result: gcc -E
configure:3655: gcc -E  conftest.c
configure:3655: $? = 0
configure:3669: gcc -E  conftest.c
conftest.c:15:28: fatal error: ac_nonexistent.h: No such file or directory
compilation terminated.
configure:3669: $? = 1
configure: failed program was:
| /* confdefs.h */
| #define PACKAGE_NAME "KLEE"
| #define PACKAGE_TARNAME "-klee-"
| #define PACKAGE_VERSION "0.01"
| #define PACKAGE_STRING "KLEE 0.01"
| #define PACKAGE_BUGREPORT "daniel@minormatter.com"
| #define PACKAGE_URL ""
| #define LLVM_VERSION_MAJOR 2
| #define LLVM_VERSION_MINOR 9
| #define LLVM_IS_RELEASE 1
| #define KLEE_UCLIBC "/home/shiyu/Documents/Workspace/KLEE/klee-uclibc-0.02-x64"
| #define RUNTIME_CONFIGURATION "Release+Asserts"
| #define HAVE_CTYPE_EXTERNALS 1
| /* end confdefs.h.  */
| #include <ac_nonexistent.h>
configure:3698: checking for grep that handles long lines and -e
configure:3756: result: /bin/grep
configure:3761: checking for egrep
configure:3823: result: /bin/grep -E
configure:3828: checking for ANSI C header files
configure:3848: gcc -c -g -O2  conftest.c >&5
configure:3848: $? = 0
configure:3921: gcc -o conftest -g -O2   conftest.c  >&5
configure:3921: $? = 0
configure:3921: ./conftest
configure:3921: $? = 0
configure:3932: result: yes
configure:3945: checking for sys/types.h
configure:3945: gcc -c -g -O2  conftest.c >&5
configure:3945: $? = 0
configure:3945: result: yes
configure:3945: checking for sys/stat.h
configure:3945: gcc -c -g -O2  conftest.c >&5
configure:3945: $? = 0
configure:3945: result: yes
configure:3945: checking for stdlib.h
configure:3945: gcc -c -g -O2  conftest.c >&5
configure:3945: $? = 0
configure:3945: result: yes
configure:3945: checking for string.h
configure:3945: gcc -c -g -O2  conftest.c >&5
configure:3945: $? = 0
configure:3945: result: yes
configure:3945: checking for memory.h
configure:3945: gcc -c -g -O2  conftest.c >&5
configure:3945: $? = 0
configure:3945: result: yes
configure:3945: checking for strings.h
configure:3945: gcc -c -g -O2  conftest.c >&5
configure:3945: $? = 0
configure:3945: result: yes
configure:3945: checking for inttypes.h
configure:3945: gcc -c -g -O2  conftest.c >&5
configure:3945: $? = 0
configure:3945: result: yes
configure:3945: checking for stdint.h
configure:3945: gcc -c -g -O2  conftest.c >&5
configure:3945: $? = 0
configure:3945: result: yes
configure:3945: checking for unistd.h
configure:3945: gcc -c -g -O2  conftest.c >&5
configure:3945: $? = 0
configure:3945: result: yes
configure:3959: checking sys/acl.h usability
configure:3959: gcc -c -g -O2  conftest.c >&5
conftest.c:58:21: fatal error: sys/acl.h: No such file or directory
compilation terminated.
configure:3959: $? = 1
configure: failed program was:
| /* confdefs.h */
| #define PACKAGE_NAME "KLEE"
| #define PACKAGE_TARNAME "-klee-"
| #define PACKAGE_VERSION "0.01"
| #define PACKAGE_STRING "KLEE 0.01"
| #define PACKAGE_BUGREPORT "daniel@minormatter.com"
| #define PACKAGE_URL ""
| #define LLVM_VERSION_MAJOR 2
| #define LLVM_VERSION_MINOR 9
| #define LLVM_IS_RELEASE 1
| #define KLEE_UCLIBC "/home/shiyu/Documents/Workspace/KLEE/klee-uclibc-0.02-x64"
| #define RUNTIME_CONFIGURATION "Release+Asserts"
| #define HAVE_CTYPE_EXTERNALS 1
| #define STDC_HEADERS 1
| #define HAVE_SYS_TYPES_H 1
| #define HAVE_SYS_STAT_H 1
| #define HAVE_STDLIB_H 1
| #define HAVE_STRING_H 1
| #define HAVE_MEMORY_H 1
| #define HAVE_STRINGS_H 1
| #define HAVE_INTTYPES_H 1
| #define HAVE_STDINT_H 1
| #define HAVE_UNISTD_H 1
| /* end confdefs.h.  */
| #include <stdio.h>
| #ifdef HAVE_SYS_TYPES_H
| # include <sys/types.h>
| #endif
| #ifdef HAVE_SYS_STAT_H
| # include <sys/stat.h>
| #endif
| #ifdef STDC_HEADERS
| # include <stdlib.h>
| # include <stddef.h>
| #else
| # ifdef HAVE_STDLIB_H
| #  include <stdlib.h>
| # endif
| #endif
| #ifdef HAVE_STRING_H
| # if !defined STDC_HEADERS && defined HAVE_MEMORY_H
| #  include <memory.h>
| # endif
| # include <string.h>
| #endif
| #ifdef HAVE_STRINGS_H
| # include <strings.h>
| #endif
| #ifdef HAVE_INTTYPES_H
| # include <inttypes.h>
| #endif
| #ifdef HAVE_STDINT_H
| # include <stdint.h>
| #endif
| #ifdef HAVE_UNISTD_H
| # include <unistd.h>
| #endif
| #include <sys/acl.h>
configure:3959: result: no
configure:3959: checking sys/acl.h presence
configure:3959: gcc -E  conftest.c
conftest.c:25:21: fatal error: sys/acl.h: No such file or directory
compilation terminated.
configure:3959: $? = 1
configure: failed program was:
| /* confdefs.h */
| #define PACKAGE_NAME "KLEE"
| #define PACKAGE_TARNAME "-klee-"
| #define PACKAGE_VERSION "0.01"
| #define PACKAGE_STRING "KLEE 0.01"
| #define PACKAGE_BUGREPORT "daniel@minormatter.com"
| #define PACKAGE_URL ""
| #define LLVM_VERSION_MAJOR 2
| #define LLVM_VERSION_MINOR 9
| #define LLVM_IS_RELEASE 1
| #define KLEE_UCLIBC "/home/shiyu/Documents/Workspace/KLEE/klee-uclibc-0.02-x64"
| #define RUNTIME_CONFIGURATION "Release+Asserts"
| #define HAVE_CTYPE_EXTERNALS 1
| #define STDC_HEADERS 1
| #define HAVE_SYS_TYPES_H 1
| #define HAVE_SYS_STAT_H 1
| #define HAVE_STDLIB_H 1
| #define HAVE_STRING_H 1
| #define HAVE_MEMORY_H 1
| #define HAVE_STRINGS_H 1
| #define HAVE_INTTYPES_H 1
| #define HAVE_STDINT_H 1
| #define HAVE_UNISTD_H 1
| /* end confdefs.h.  */
| #include <sys/acl.h>
configure:3959: result: no
configure:3959: checking for sys/acl.h
configure:3959: result: no
configure:4035: checking for g++
configure:4051: found /usr/bin/g++
configure:4062: result: g++
configure:4089: checking for C++ compiler version
configure:4098: g++ --version >&5
g++ (Ubuntu/Linaro 4.6.3-1ubuntu5) 4.6.3
Copyright (C) 2011 Free Software Foundation, Inc.
This is free software; see the source for copying conditions.  There is NO
warranty; not even for MERCHANTABILITY or FITNESS FOR A PARTICULAR PURPOSE.

configure:4109: $? = 0
configure:4098: g++ -v >&5
Using built-in specs.
COLLECT_GCC=g++
COLLECT_LTO_WRAPPER=/usr/lib/gcc/x86_64-linux-gnu/4.6/lto-wrapper
Target: x86_64-linux-gnu
Configured with: ../src/configure -v --with-pkgversion='Ubuntu/Linaro 4.6.3-1ubuntu5' --with-bugurl=file:///usr/share/doc/gcc-4.6/README.Bugs --enable-languages=c,c++,fortran,objc,obj-c++ --prefix=/usr --program-suffix=-4.6 --enable-shared --enable-linker-build-id --with-system-zlib --libexecdir=/usr/lib --without-included-gettext --enable-threads=posix --with-gxx-include-dir=/usr/include/c++/4.6 --libdir=/usr/lib --enable-nls --with-sysroot=/ --enable-clocale=gnu --enable-libstdcxx-debug --enable-libstdcxx-time=yes --enable-gnu-unique-object --enable-plugin --enable-objc-gc --disable-werror --with-arch-32=i686 --with-tune=generic --enable-checking=release --build=x86_64-linux-gnu --host=x86_64-linux-gnu --target=x86_64-linux-gnu
Thread model: posix
gcc version 4.6.3 (Ubuntu/Linaro 4.6.3-1ubuntu5) 
configure:4109: $? = 0
configure:4098: g++ -V >&5
g++: error: unrecognized option '-V'
g++: fatal error: no input files
compilation terminated.
configure:4109: $? = 4
configure:4098: g++ -qversion >&5
g++: error: unrecognized option '-qversion'
g++: fatal error: no input files
compilation terminated.
configure:4109: $? = 4
configure:4113: checking whether we are using the GNU C++ compiler
configure:4132: g++ -c   conftest.cpp >&5
configure:4132: $? = 0
configure:4141: result: yes
configure:4150: checking whether g++ accepts -g
configure:4170: g++ -c -g  conftest.cpp >&5
configure:4170: $? = 0
configure:4211: result: yes
configure:4240: checking how to run the C++ preprocessor
configure:4267: g++ -E  conftest.cpp
configure:4267: $? = 0
configure:4281: g++ -E  conftest.cpp
conftest.cpp:25:28: fatal error: ac_nonexistent.h: No such file or directory
compilation terminated.
configure:4281: $? = 1
configure: failed program was:
| /* confdefs.h */
| #define PACKAGE_NAME "KLEE"
| #define PACKAGE_TARNAME "-klee-"
| #define PACKAGE_VERSION "0.01"
| #define PACKAGE_STRING "KLEE 0.01"
| #define PACKAGE_BUGREPORT "daniel@minormatter.com"
| #define PACKAGE_URL ""
| #define LLVM_VERSION_MAJOR 2
| #define LLVM_VERSION_MINOR 9
| #define LLVM_IS_RELEASE 1
| #define KLEE_UCLIBC "/home/shiyu/Documents/Workspace/KLEE/klee-uclibc-0.02-x64"
| #define RUNTIME_CONFIGURATION "Release+Asserts"
| #define HAVE_CTYPE_EXTERNALS 1
| #define STDC_HEADERS 1
| #define HAVE_SYS_TYPES_H 1
| #define HAVE_SYS_STAT_H 1
| #define HAVE_STDLIB_H 1
| #define HAVE_STRING_H 1
| #define HAVE_MEMORY_H 1
| #define HAVE_STRINGS_H 1
| #define HAVE_INTTYPES_H 1
| #define HAVE_STDINT_H 1
| #define HAVE_UNISTD_H 1
| /* end confdefs.h.  */
| #include <ac_nonexistent.h>
configure:4306: result: g++ -E
configure:4326: g++ -E  conftest.cpp
configure:4326: $? = 0
configure:4340: g++ -E  conftest.cpp
conftest.cpp:25:28: fatal error: ac_nonexistent.h: No such file or directory
compilation terminated.
configure:4340: $? = 1
configure: failed program was:
| /* confdefs.h */
| #define PACKAGE_NAME "KLEE"
| #define PACKAGE_TARNAME "-klee-"
| #define PACKAGE_VERSION "0.01"
| #define PACKAGE_STRING "KLEE 0.01"
| #define PACKAGE_BUGREPORT "daniel@minormatter.com"
| #define PACKAGE_URL ""
| #define LLVM_VERSION_MAJOR 2
| #define LLVM_VERSION_MINOR 9
| #define LLVM_IS_RELEASE 1
| #define KLEE_UCLIBC "/home/shiyu/Documents/Workspace/KLEE/klee-uclibc-0.02-x64"
| #define RUNTIME_CONFIGURATION "Release+Asserts"
| #define HAVE_CTYPE_EXTERNALS 1
| #define STDC_HEADERS 1
| #define HAVE_SYS_TYPES_H 1
| #define HAVE_SYS_STAT_H 1
| #define HAVE_STDLIB_H 1
| #define HAVE_STRING_H 1
| #define HAVE_MEMORY_H 1
| #define HAVE_STRINGS_H 1
| #define HAVE_INTTYPES_H 1
| #define HAVE_STDINT_H 1
| #define HAVE_UNISTD_H 1
| /* end confdefs.h.  */
| #include <ac_nonexistent.h>
configure:4371: checking selinux/selinux.h usability
configure:4371: g++ -c -g -O2  conftest.cpp >&5
conftest.cpp:58:29: fatal error: selinux/selinux.h: No such file or directory
compilation terminated.
configure:4371: $? = 1
configure: failed program was:
| /* confdefs.h */
| #define PACKAGE_NAME "KLEE"
| #define PACKAGE_TARNAME "-klee-"
| #define PACKAGE_VERSION "0.01"
| #define PACKAGE_STRING "KLEE 0.01"
| #define PACKAGE_BUGREPORT "daniel@minormatter.com"
| #define PACKAGE_URL ""
| #define LLVM_VERSION_MAJOR 2
| #define LLVM_VERSION_MINOR 9
| #define LLVM_IS_RELEASE 1
| #define KLEE_UCLIBC "/home/shiyu/Documents/Workspace/KLEE/klee-uclibc-0.02-x64"
| #define RUNTIME_CONFIGURATION "Release+Asserts"
| #define HAVE_CTYPE_EXTERNALS 1
| #define STDC_HEADERS 1
| #define HAVE_SYS_TYPES_H 1
| #define HAVE_SYS_STAT_H 1
| #define HAVE_STDLIB_H 1
| #define HAVE_STRING_H 1
| #define HAVE_MEMORY_H 1
| #define HAVE_STRINGS_H 1
| #define HAVE_INTTYPES_H 1
| #define HAVE_STDINT_H 1
| #define HAVE_UNISTD_H 1
| /* end confdefs.h.  */
| #include <stdio.h>
| #ifdef HAVE_SYS_TYPES_H
| # include <sys/types.h>
| #endif
| #ifdef HAVE_SYS_STAT_H
| # include <sys/stat.h>
| #endif
| #ifdef STDC_HEADERS
| # include <stdlib.h>
| # include <stddef.h>
| #else
| # ifdef HAVE_STDLIB_H
| #  include <stdlib.h>
| # endif
| #endif
| #ifdef HAVE_STRING_H
| # if !defined STDC_HEADERS && defined HAVE_MEMORY_H
| #  include <memory.h>
| # endif
| # include <string.h>
| #endif
| #ifdef HAVE_STRINGS_H
| # include <strings.h>
| #endif
| #ifdef HAVE_INTTYPES_H
| # include <inttypes.h>
| #endif
| #ifdef HAVE_STDINT_H
| # include <stdint.h>
| #endif
| #ifdef HAVE_UNISTD_H
| # include <unistd.h>
| #endif
| #include <selinux/selinux.h>
configure:4371: result: no
configure:4371: checking selinux/selinux.h presence
configure:4371: g++ -E  conftest.cpp
conftest.cpp:25:29: fatal error: selinux/selinux.h: No such file or directory
compilation terminated.
configure:4371: $? = 1
configure: failed program was:
| /* confdefs.h */
| #define PACKAGE_NAME "KLEE"
| #define PACKAGE_TARNAME "-klee-"
| #define PACKAGE_VERSION "0.01"
| #define PACKAGE_STRING "KLEE 0.01"
| #define PACKAGE_BUGREPORT "daniel@minormatter.com"
| #define PACKAGE_URL ""
| #define LLVM_VERSION_MAJOR 2
| #define LLVM_VERSION_MINOR 9
| #define LLVM_IS_RELEASE 1
| #define KLEE_UCLIBC "/home/shiyu/Documents/Workspace/KLEE/klee-uclibc-0.02-x64"
| #define RUNTIME_CONFIGURATION "Release+Asserts"
| #define HAVE_CTYPE_EXTERNALS 1
| #define STDC_HEADERS 1
| #define HAVE_SYS_TYPES_H 1
| #define HAVE_SYS_STAT_H 1
| #define HAVE_STDLIB_H 1
| #define HAVE_STRING_H 1
| #define HAVE_MEMORY_H 1
| #define HAVE_STRINGS_H 1
| #define HAVE_INTTYPES_H 1
| #define HAVE_STDINT_H 1
| #define HAVE_UNISTD_H 1
| /* end confdefs.h.  */
| #include <selinux/selinux.h>
configure:4371: result: no
configure:4371: checking for selinux/selinux.h
configure:4371: result: no
configure:4410: checking stp/c_interface.h usability
configure:4410: g++ -c -g -O2  -I/home/shiyu/Documents/Workspace/KLEE/stp_install/include conftest.cpp >&5
configure:4410: $? = 0
configure:4410: result: yes
configure:4410: checking stp/c_interface.h presence
configure:4410: g++ -E  -I/home/shiyu/Documents/Workspace/KLEE/stp_install/include conftest.cpp
configure:4410: $? = 0
configure:4410: result: yes
configure:4410: checking for stp/c_interface.h
configure:4410: result: yes
configure:4422: checking for vc_setInterfaceFlags in -lstp
configure:4447: g++ -o conftest -g -O2   conftest.cpp -lstp -L/home/shiyu/Documents/Workspace/KLEE/stp_install/lib  >&5
configure:4447: $? = 0
configure:4456: result: yes
configure:4478: checking for runtest
configure:4496: found /usr/bin/runtest
configure:4508: result: /usr/bin/runtest
configure:4657: creating ./config.status

## ---------------------- ##
## Running config.status. ##
## ---------------------- ##

This file was extended by KLEE config.status 0.01, which was
generated by GNU Autoconf 2.68.  Invocation command line was

  CONFIG_FILES    = 
  CONFIG_HEADERS  = 
  CONFIG_LINKS    = 
  CONFIG_COMMANDS = 
  $ ./config.status 

on svvat-ubuntu

config.status:869: creating Makefile.config
config.status:869: creating docs/doxygen.cfg
config.status:869: creating include/klee/Config/config.h
config.status:1053: executing setup commands
config.status:1053: executing Makefile commands
config.status:1053: executing Makefile.common commands
config.status:1053: executing lib/Makefile commands
config.status:1053: executing runtime/Makefile commands
config.status:1053: executing test/Makefile commands
config.status:1053: executing test/Makefile.tests commands
config.status:1053: executing tools/Makefile commands
config.status:1053: executing unittests/Makefile commands

## ---------------- ##
## Cache variables. ##
## ---------------- ##

ac_cv_build=x86_64-unknown-linux-gnu
ac_cv_c_compiler_gnu=yes
ac_cv_cxx_compiler_gnu=yes
ac_cv_env_CCC_set=
ac_cv_env_CCC_value=
ac_cv_env_CC_set=
ac_cv_env_CC_value=
ac_cv_env_CFLAGS_set=
ac_cv_env_CFLAGS_value=
ac_cv_env_CPPFLAGS_set=
ac_cv_env_CPPFLAGS_value=
ac_cv_env_CPP_set=
ac_cv_env_CPP_value=
ac_cv_env_CXXCPP_set=
ac_cv_env_CXXCPP_value=
ac_cv_env_CXXFLAGS_set=
ac_cv_env_CXXFLAGS_value=
ac_cv_env_CXX_set=
ac_cv_env_CXX_value=
ac_cv_env_LDFLAGS_set=
ac_cv_env_LDFLAGS_value=
ac_cv_env_LIBS_set=
ac_cv_env_LIBS_value=
ac_cv_env_build_alias_set=
ac_cv_env_build_alias_value=
ac_cv_env_host_alias_set=
ac_cv_env_host_alias_value=
ac_cv_env_target_alias_set=
ac_cv_env_target_alias_value=
ac_cv_header_inttypes_h=yes
ac_cv_header_memory_h=yes
ac_cv_header_selinux_selinux_h=no
ac_cv_header_stdc=yes
ac_cv_header_stdint_h=yes
ac_cv_header_stdlib_h=yes
ac_cv_header_stp_c_interface_h=yes
ac_cv_header_string_h=yes
ac_cv_header_strings_h=yes
ac_cv_header_sys_acl_h=no
ac_cv_header_sys_stat_h=yes
ac_cv_header_sys_types_h=yes
ac_cv_header_unistd_h=yes
ac_cv_host=x86_64-unknown-linux-gnu
ac_cv_lib_stp_vc_setInterfaceFlags=yes
ac_cv_objext=o
ac_cv_path_EGREP='/bin/grep -E'
ac_cv_path_GREP=/bin/grep
ac_cv_path_RUNTEST=/usr/bin/runtest
ac_cv_prog_CPP='gcc -E'
ac_cv_prog_CXXCPP='g++ -E'
ac_cv_prog_ac_ct_CC=gcc
ac_cv_prog_ac_ct_CXX=g++
ac_cv_prog_cc_c89=
ac_cv_prog_cc_g=yes
ac_cv_prog_cxx_g=yes
ac_cv_target=x86_64-unknown-linux-gnu

## ----------------- ##
## Output variables. ##
## ----------------- ##

CC='gcc'
CFLAGS='-g -O2'
CPP='gcc -E'
CPPFLAGS=''
CXX='g++'
CXXCPP='g++ -E'
CXXFLAGS='-g -O2'
DEFS='-DHAVE_CONFIG_H'
ECHO_C=''
ECHO_N='-n'
ECHO_T=''
EGREP='/bin/grep -E'
ENABLE_POSIX_RUNTIME='1'
ENABLE_UCLIBC='1'
EXEEXT=''
GREP='/bin/grep'
HAVE_SELINUX='0'
KLEE_UCLIBC=''
LDFLAGS=''
LIBOBJS=''
LIBS='-lstp '
LLVM_BUILD_MODE='Release+Asserts'
LLVM_IS_RELEASE='1'
LLVM_OBJ='/home/shiyu/Documents/Workspace/KLEE/llvm-2.9'
LLVM_SRC='/home/shiyu/Documents/Workspace/KLEE/llvm-2.9'
LLVM_VERSION_MAJOR='2'
LLVM_VERSION_MINOR='9'
LTLIBOBJS=''
OBJEXT='o'
PACKAGE_BUGREPORT='daniel@minormatter.com'
PACKAGE_NAME='KLEE'
PACKAGE_STRING='KLEE 0.01'
PACKAGE_TARNAME='-klee-'
PACKAGE_URL=''
PACKAGE_VERSION='0.01'
PATH_SEPARATOR=':'
REQUIRES_RTTI='0'
RUNTEST='/usr/bin/runtest'
RUNTIME_CONFIGURATION=''
RUNTIME_DEBUG_SYMBOLS=''
RUNTIME_DISABLE_ASSERTIONS='0'
RUNTIME_ENABLE_OPTIMIZED='1'
SHELL='/bin/bash'
STP_ROOT='/home/shiyu/Documents/Workspace/KLEE/stp_install'
ac_ct_CC='gcc'
ac_ct_CXX='g++'
bindir='${exec_prefix}/bin'
build='x86_64-unknown-linux-gnu'
build_alias=''
build_cpu='x86_64'
build_os='linux-gnu'
build_vendor='unknown'
datadir='${datarootdir}'
datarootdir='${prefix}/share'
docdir='${datarootdir}/doc/${PACKAGE_TARNAME}'
dvidir='${docdir}'
exec_prefix='${prefix}'
host='x86_64-unknown-linux-gnu'
host_alias=''
host_cpu='x86_64'
host_os='linux-gnu'
host_vendor='unknown'
htmldir='${docdir}'
includedir='${prefix}/include'
infodir='${datarootdir}/info'
libdir='${exec_prefix}/lib'
libexecdir='${exec_prefix}/libexec'
localedir='${datarootdir}/locale'
localstatedir='${prefix}/var'
mandir='${datarootdir}/man'
oldincludedir='/usr/include'
pdfdir='${docdir}'
prefix='/usr/local'
program_transform_name='s,x,x,'
psdir='${docdir}'
sbindir='${exec_prefix}/sbin'
sharedstatedir='${prefix}/com'
sysconfdir='${prefix}/etc'
target='x86_64-unknown-linux-gnu'
target_alias=''
target_cpu='x86_64'
target_os='linux-gnu'
target_vendor='unknown'

## ----------- ##
## confdefs.h. ##
## ----------- ##

/* confdefs.h */
#define PACKAGE_NAME "KLEE"
#define PACKAGE_TARNAME "-klee-"
#define PACKAGE_VERSION "0.01"
#define PACKAGE_STRING "KLEE 0.01"
#define PACKAGE_BUGREPORT "daniel@minormatter.com"
#define PACKAGE_URL ""
#define LLVM_VERSION_MAJOR 2
#define LLVM_VERSION_MINOR 9
#define LLVM_IS_RELEASE 1
#define KLEE_UCLIBC "/home/shiyu/Documents/Workspace/KLEE/klee-uclibc-0.02-x64"
#define RUNTIME_CONFIGURATION "Release+Asserts"
#define HAVE_CTYPE_EXTERNALS 1
#define STDC_HEADERS 1
#define HAVE_SYS_TYPES_H 1
#define HAVE_SYS_STAT_H 1
#define HAVE_STDLIB_H 1
#define HAVE_STRING_H 1
#define HAVE_MEMORY_H 1
#define HAVE_STRINGS_H 1
#define HAVE_INTTYPES_H 1
#define HAVE_STDINT_H 1
#define HAVE_UNISTD_H 1
#define HAVE_LIBSTP 1

configure: exit 0
